ERROR:root:Error fetching proxies: HTTPSConnectionPool(host='free-proxy-list.net', port=443): Read timed out. (read timeout=10)
INFO:root:Using proxy: None
INFO:undetected_chromedriver.patcher:patching driver executable /Users/levandalbashvili/Library/Application Support/undetected_chromedriver/undetected_chromedriver
INFO:root:Profile data extracted from JSON.
INFO:root:Extracted 0 videos from JSON.
ERROR:root:Attempt 1 failed: No videos extracted
INFO:undetected_chromedriver.patcher:patching driver executable /Users/levandalbashvili/Library/Application Support/undetected_chromedriver/undetected_chromedriver
INFO:root:Profile data extracted from JSON.
INFO:root:Extracted 0 videos from JSON.
ERROR:root:Attempt 2 failed: No videos extracted
INFO:undetected_chromedriver.patcher:patching driver executable /Users/levandalbashvili/Library/Application Support/undetected_chromedriver/undetected_chromedriver
INFO:root:Profile data extracted from JSON.
INFO:root:Extracted 0 videos from JSON.
ERROR:root:Attempt 3 failed: No videos extracted
INFO:undetected_chromedriver.patcher:patching driver executable /Users/levandalbashvili/Library/Application Support/undetected_chromedriver/undetected_chromedriver
INFO:root:Profile data extracted from JSON.
INFO:root:Extracted 0 videos from JSON.
ERROR:root:Attempt 4 failed: No videos extracted
INFO:undetected_chromedriver.patcher:patching driver executable /Users/levandalbashvili/Library/Application Support/undetected_chromedriver/undetected_chromedriver
INFO:root:Profile data extracted from JSON.
INFO:root:Extracted 0 videos from JSON.
ERROR:root:Attempt 5 failed: No videos extracted
ERROR:root:Scraping failed.
